#
# A fatal error has been detected by the Java Runtime Environment:
#
#  EXCEPTION_UNCAUGHT_CXX_EXCEPTION (0xe06d7363) at pc=0x00007ff85df54ed9, pid=15956, tid=0x00000000000044e4
#
# JRE version: Java(TM) SE Runtime Environment (8.0_281-b09) (build 1.8.0_281-b09)
# Java VM: Java HotSpot(TM) 64-Bit Server VM (25.281-b09 mixed mode windows-amd64 compressed oops)
# Problematic frame:
# C  [KERNELBASE.dll+0x34ed9]
#
# Failed to write core dump. Minidumps are not enabled by default on client versions of Windows
#
# If you would like to submit a bug report, please visit:
#   http://bugreport.java.com/bugreport/crash.jsp
# The crash happened outside the Java Virtual Machine in native code.
# See problematic frame for where to report the bug.
#

---------------  T H R E A D  ---------------

Current thread (0x000002808779a000):  JavaThread "main" [_thread_in_native, id=17636, stack(0x000000832a600000,0x000000832a7f0000)]

siginfo: ExceptionCode=0xe06d7363, ExceptionInformation=0x0000000019930520 0x000000832a7e8c40 0x00007fff11fd7f90 0x00007fff11f40000 

Registers:
RAX=0x0000000000000000, RBX=0x00007fff11fd7f90, RCX=0x000002809f264aa0, RDX=0x00007ff8605b47b1
RSP=0x000000832a7e8ab0, RBP=0x000000832a7e8c79, RSI=0x000000832a7e8c40, RDI=0x0000000019930520
R8 =0x0000000000000000, R9 =0x0000000000000000, R10=0x0000000000000000, R11=0x000002808779a000
R12=0x000000832a7e8de8, R13=0x00000280875beba0, R14=0x000000832a7e8ed8, R15=0x0000000000000000
RIP=0x00007ff85df54ed9, EFLAGS=0x0000000000000202

Top of Stack: (sp=0x000000832a7e8ab0)
0x000000832a7e8ab0:   0000000000000000 00007fff11fd7f90
0x000000832a7e8ac0:   000000832a7e8c40 000000832a7e8de8
0x000000832a7e8ad0:   00000001e06d7363 0000000000000000
0x000000832a7e8ae0:   00007ff85df54ed9 00007ff800000004
0x000000832a7e8af0:   0000000019930520 000000832a7e8c40
0x000000832a7e8b00:   00007fff11fd7f90 00007fff11f40000
0x000000832a7e8b10:   00000280875beba0 000000832a7e8de8
0x000000832a7e8b20:   000000832a7e8c40 000000832a7e8c79
0x000000832a7e8b30:   000000832a7e8bb0 00007ff8605c4a5f
0x000000832a7e8b40:   0000000019930520 00007fff00000000
0x000000832a7e8b50:   fffffffffffffffe 000002808904ce00
0x000000832a7e8b60:   00007fff11fe0000 00007fff11f40000
0x000000832a7e8b70:   0000765e969439d1 00007fff11f4fdd2
0x000000832a7e8b80:   00007fff11fd7f90 00007ff838196220
0x000000832a7e8b90:   0000028085deaab0 000002809f1e0108
0x000000832a7e8ba0:   0000000000000000 000000832a7e8de8 

Instructions: (pc=0x00007ff85df54ed9)
0x00007ff85df54eb9:   8b d1 44 0f 47 c0 44 89 44 24 38 49 c1 e0 03 e8
0x00007ff85df54ec9:   3a d7 05 00 48 8d 4c 24 20 48 ff 15 2f ad 18 00
0x00007ff85df54ed9:   0f 1f 44 00 00 48 8b 8c 24 c0 00 00 00 48 33 cc
0x00007ff85df54ee9:   e8 42 97 05 00 48 81 c4 d8 00 00 00 c3 cc 83 64 


Register to memory mapping:

RAX=0x0000000000000000 is an unknown value
RBX=0x00007fff11fd7f90 is an unknown value
RCX=0x000002809f264aa0 is an unknown value
RDX=0x00007ff8605b47b1 is an unknown value
RSP=0x000000832a7e8ab0 is pointing into the stack for thread: 0x000002808779a000
RBP=0x000000832a7e8c79 is pointing into the stack for thread: 0x000002808779a000
RSI=0x000000832a7e8c40 is pointing into the stack for thread: 0x000002808779a000
RDI=0x0000000019930520 is an unknown value
R8 =0x0000000000000000 is an unknown value
R9 =0x0000000000000000 is an unknown value
R10=0x0000000000000000 is an unknown value
R11=0x000002808779a000 is a thread
R12=0x000000832a7e8de8 is pointing into the stack for thread: 0x000002808779a000
R13=0x00000280875beba0 is an unknown value
R14=0x000000832a7e8ed8 is pointing into the stack for thread: 0x000002808779a000
R15=0x0000000000000000 is an unknown value


Stack: [0x000000832a600000,0x000000832a7f0000],  sp=0x000000832a7e8ab0,  free space=1954k
Native frames: (J=compiled Java code, j=interpreted, Vv=VM code, C=native code)
C  [KERNELBASE.dll+0x34ed9]
C  [VCRUNTIME140.dll+0x6220]
C  0x00007fff11f82fe2
C  0x00007fff11f8cb73
C  0x00007fff11f8003d
C  0x0000028089119f4e

Java frames: (J=compiled Java code, j=interpreted, Vv=VM code)
j  org.jpype.manager.TypeFactoryNative.newWrapper(JJ)V+0
j  org.jpype.JPypeContext.newWrapper(J)V+16
v  ~StubRoutines::call_stub

---------------  P R O C E S S  ---------------

Java Threads: ( => current thread )
  0x0000028087fb7800 JavaThread "Python Reference Queue" daemon [_thread_blocked, id=15564, stack(0x000000832e400000,0x000000832e5f0000)]
  0x0000028087e15000 JavaThread "Service Thread" daemon [_thread_blocked, id=12656, stack(0x000000832e020000,0x000000832e210000)]
  0x00000280873cf000 JavaThread "C1 CompilerThread3" daemon [_thread_blocked, id=11792, stack(0x000000832de30000,0x000000832e020000)]
  0x00000280873d0800 JavaThread "C2 CompilerThread2" daemon [_thread_blocked, id=18944, stack(0x000000832dc40000,0x000000832de30000)]
  0x00000280873d3800 JavaThread "C2 CompilerThread1" daemon [_thread_blocked, id=11992, stack(0x000000832da50000,0x000000832dc40000)]
  0x00000280873d4800 JavaThread "C2 CompilerThread0" daemon [_thread_blocked, id=9184, stack(0x000000832d860000,0x000000832da50000)]
  0x0000028087d5f000 JavaThread "Attach Listener" daemon [_thread_blocked, id=5240, stack(0x000000832d670000,0x000000832d860000)]
  0x0000028087d74000 JavaThread "Signal Dispatcher" daemon [_thread_blocked, id=5544, stack(0x000000832d480000,0x000000832d670000)]
  0x0000028087d38000 JavaThread "Finalizer" daemon [_thread_blocked, id=4588, stack(0x000000832d290000,0x000000832d480000)]
  0x0000028087d31800 JavaThread "Reference Handler" daemon [_thread_blocked, id=1680, stack(0x000000832d0a0000,0x000000832d290000)]
=>0x000002808779a000 JavaThread "main" [_thread_in_native, id=17636, stack(0x000000832a600000,0x000000832a7f0000)]

Other Threads:
  0x0000028085da4000 VMThread [stack: 0x000000832ceb0000,0x000000832d0a0000] [id=14580]
  0x0000028087e2e800 WatcherThread [stack: 0x000000832e210000,0x000000832e400000] [id=14456]

VM state:not at safepoint (normal execution)

VM Mutex/Monitor currently owned by a thread: None

heap address: 0x00000000c0000000, size: 1024 MB, Compressed Oops mode: 32-bit
Narrow klass base: 0x0000000000000000, Narrow klass shift: 3
Compressed class space size: 1073741824 Address: 0x0000000100000000

Heap:
 PSYoungGen      total 253440K, used 140316K [0x00000000eab00000, 0x00000000fbd80000, 0x0000000100000000)
  eden space 225280K, 59% used [0x00000000eab00000,0x00000000f2eff1d8,0x00000000f8700000)
  from space 28160K, 18% used [0x00000000f8700000,0x00000000f8c08000,0x00000000fa280000)
  to   space 26624K, 0% used [0x00000000fa380000,0x00000000fa380000,0x00000000fbd80000)
 ParOldGen       total 598016K, used 398714K [0x00000000c0000000, 0x00000000e4800000, 0x00000000eab00000)
  object space 598016K, 66% used [0x00000000c0000000,0x00000000d855e928,0x00000000e4800000)
 Metaspace       used 14640K, capacity 15336K, committed 15616K, reserved 1062912K
  class space    used 2131K, capacity 2259K, committed 2304K, reserved 1048576K

Card table byte_map: [0x00000280984c0000,0x00000280986d0000] byte_map_base: 0x0000028097ec0000

Marking Bits: (ParMarkBitMap*) 0x000000006be56ff0
 Begin Bits: [0x0000028098830000, 0x0000028099830000)
 End Bits:   [0x0000028099830000, 0x000002809a830000)

Polling page: 0x00000280890d0000

CodeCache: size=245760Kb used=13719Kb max_used=13848Kb free=232040Kb
 bounds [0x0000028089100000, 0x0000028089ef0000, 0x0000028098100000]
 total_blobs=3832 nmethods=3460 adapters=283
 compilation: enabled

Compilation events (10 events):
Event: 18.208 Thread 0x00000280873cf000 nmethod 4638 0x000002808943c910 code [0x000002808943caa0, 0x000002808943d198]
Event: 18.209 Thread 0x00000280873cf000 4640       3       org.snu.ids.ha.index.Keyword::getKey (30 bytes)
Event: 18.209 Thread 0x00000280873cf000 nmethod 4640 0x00000280894e1a90 code [0x00000280894e1ca0, 0x00000280894e2870]
Event: 18.209 Thread 0x00000280873cf000 4639       1       org.snu.ids.ha.index.Keyword::getCnt (5 bytes)
Event: 18.209 Thread 0x00000280873cf000 nmethod 4639 0x00000280896f8050 code [0x00000280896f81a0, 0x00000280896f82b8]
Event: 18.209 Thread 0x00000280873cf000 4641       3       org.snu.ids.ha.index.Keyword::increaseCnt (11 bytes)
Event: 18.209 Thread 0x00000280873cf000 nmethod 4641 0x00000280897e4e50 code [0x00000280897e4fa0, 0x00000280897e50f8]
Event: 18.209 Thread 0x00000280873cf000 4642       3       org.snu.ids.ha.index.Keyword::setFreq (6 bytes)
Event: 18.209 Thread 0x00000280873cf000 nmethod 4642 0x00000280897ef4d0 code [0x00000280897ef620, 0x00000280897ef778]
Event: 18.209 Thread 0x00000280873d0800 4643       4       java.lang.Class$MethodArray::matchesNameAndDescriptor (42 bytes)

GC Heap History (10 events):
Event: 17.614 GC heap before
{Heap before GC invocations=99 (full 36):
 PSYoungGen      total 253952K, used 226144K [0x00000000eab00000, 0x00000000fc900000, 0x0000000100000000)
  eden space 220160K, 100% used [0x00000000eab00000,0x00000000f8200000,0x00000000f8200000)
  from space 33792K, 17% used [0x00000000fa800000,0x00000000fadd8000,0x00000000fc900000)
  to   space 36352K, 0% used [0x00000000f8200000,0x00000000f8200000,0x00000000fa580000)
 ParOldGen       total 598016K, used 396040K [0x00000000c0000000, 0x00000000e4800000, 0x00000000eab00000)
  object space 598016K, 66% used [0x00000000c0000000,0x00000000d82c2378,0x00000000e4800000)
 Metaspace       used 14600K, capacity 15336K, committed 15616K, reserved 1062912K
  class space    used 2130K, capacity 2259K, committed 2304K, reserved 1048576K
Event: 17.617 GC heap after
Heap after GC invocations=99 (full 36):
 PSYoungGen      total 256512K, used 6292K [0x00000000eab00000, 0x00000000fc680000, 0x0000000100000000)
  eden space 220160K, 0% used [0x00000000eab00000,0x00000000eab00000,0x00000000f8200000)
  from space 36352K, 17% used [0x00000000f8200000,0x00000000f88253f8,0x00000000fa580000)
  to   space 33792K, 0% used [0x00000000fa580000,0x00000000fa580000,0x00000000fc680000)
 ParOldGen       total 598016K, used 396040K [0x00000000c0000000, 0x00000000e4800000, 0x00000000eab00000)
  object space 598016K, 66% used [0x00000000c0000000,0x00000000d82c2378,0x00000000e4800000)
 Metaspace       used 14600K, capacity 15336K, committed 15616K, reserved 1062912K
  class space    used 2130K, capacity 2259K, committed 2304K, reserved 1048576K
}
Event: 17.735 GC heap before
{Heap before GC invocations=100 (full 36):
 PSYoungGen      total 256512K, used 226452K [0x00000000eab00000, 0x00000000fc680000, 0x0000000100000000)
  eden space 220160K, 100% used [0x00000000eab00000,0x00000000f8200000,0x00000000f8200000)
  from space 36352K, 17% used [0x00000000f8200000,0x00000000f88253f8,0x00000000fa580000)
  to   space 33792K, 0% used [0x00000000fa580000,0x00000000fa580000,0x00000000fc680000)
 ParOldGen       total 598016K, used 396040K [0x00000000c0000000, 0x00000000e4800000, 0x00000000eab00000)
  object space 598016K, 66% used [0x00000000c0000000,0x00000000d82c2378,0x00000000e4800000)
 Metaspace       used 14600K, capacity 15336K, committed 15616K, reserved 1062912K
  class space    used 2130K, capacity 2259K, committed 2304K, reserved 1048576K
Event: 17.739 GC heap after
Heap after GC invocations=100 (full 36):
 PSYoungGen      total 252416K, used 5056K [0x00000000eab00000, 0x00000000fc280000, 0x0000000100000000)
  eden space 222720K, 0% used [0x00000000eab00000,0x00000000eab00000,0x00000000f8480000)
  from space 29696K, 17% used [0x00000000fa580000,0x00000000faa70000,0x00000000fc280000)
  to   space 31744K, 0% used [0x00000000f8480000,0x00000000f8480000,0x00000000fa380000)
 ParOldGen       total 598016K, used 397658K [0x00000000c0000000, 0x00000000e4800000, 0x00000000eab00000)
  object space 598016K, 66% used [0x00000000c0000000,0x00000000d8456928,0x00000000e4800000)
 Metaspace       used 14600K, capacity 15336K, committed 15616K, reserved 1062912K
  class space    used 2130K, capacity 2259K, committed 2304K, reserved 1048576K
}
Event: 17.855 GC heap before
{Heap before GC invocations=101 (full 36):
 PSYoungGen      total 252416K, used 227776K [0x00000000eab00000, 0x00000000fc280000, 0x0000000100000000)
  eden space 222720K, 100% used [0x00000000eab00000,0x00000000f8480000,0x00000000f8480000)
  from space 29696K, 17% used [0x00000000fa580000,0x00000000faa70000,0x00000000fc280000)
  to   space 31744K, 0% used [0x00000000f8480000,0x00000000f8480000,0x00000000fa380000)
 ParOldGen       total 598016K, used 397658K [0x00000000c0000000, 0x00000000e4800000, 0x00000000eab00000)
  object space 598016K, 66% used [0x00000000c0000000,0x00000000d8456928,0x00000000e4800000)
 Metaspace       used 14600K, capacity 15336K, committed 15616K, reserved 1062912K
  class space    used 2130K, capacity 2259K, committed 2304K, reserved 1048576K
Event: 17.857 GC heap after
Heap after GC invocations=101 (full 36):
 PSYoungGen      total 254464K, used 5120K [0x00000000eab00000, 0x00000000fc200000, 0x0000000100000000)
  eden space 222720K, 0% used [0x00000000eab00000,0x00000000eab00000,0x00000000f8480000)
  from space 31744K, 16% used [0x00000000f8480000,0x00000000f8980000,0x00000000fa380000)
  to   space 30208K, 0% used [0x00000000fa480000,0x00000000fa480000,0x00000000fc200000)
 ParOldGen       total 598016K, used 398074K [0x00000000c0000000, 0x00000000e4800000, 0x00000000eab00000)
  object space 598016K, 66% used [0x00000000c0000000,0x00000000d84be928,0x00000000e4800000)
 Metaspace       used 14600K, capacity 15336K, committed 15616K, reserved 1062912K
  class space    used 2130K, capacity 2259K, committed 2304K, reserved 1048576K
}
Event: 17.983 GC heap before
{Heap before GC invocations=102 (full 36):
 PSYoungGen      total 254464K, used 227840K [0x00000000eab00000, 0x00000000fc200000, 0x0000000100000000)
  eden space 222720K, 100% used [0x00000000eab00000,0x00000000f8480000,0x00000000f8480000)
  from space 31744K, 16% used [0x00000000f8480000,0x00000000f8980000,0x00000000fa380000)
  to   space 30208K, 0% used [0x00000000fa480000,0x00000000fa480000,0x00000000fc200000)
 ParOldGen       total 598016K, used 398074K [0x00000000c0000000, 0x00000000e4800000, 0x00000000eab00000)
  object space 598016K, 66% used [0x00000000c0000000,0x00000000d84be928,0x00000000e4800000)
 Metaspace       used 14600K, capacity 15336K, committed 15616K, reserved 1062912K
  class space    used 2130K, capacity 2259K, committed 2304K, reserved 1048576K
Event: 17.986 GC heap after
Heap after GC invocations=102 (full 36):
 PSYoungGen      total 251392K, used 5088K [0x00000000eab00000, 0x00000000fbe00000, 0x0000000100000000)
  eden space 225280K, 0% used [0x00000000eab00000,0x00000000eab00000,0x00000000f8700000)
  from space 26112K, 19% used [0x00000000fa480000,0x00000000fa978000,0x00000000fbe00000)
  to   space 28160K, 0% used [0x00000000f8700000,0x00000000f8700000,0x00000000fa280000)
 ParOldGen       total 598016K, used 398362K [0x00000000c0000000, 0x00000000e4800000, 0x00000000eab00000)
  object space 598016K, 66% used [0x00000000c0000000,0x00000000d8506928,0x00000000e4800000)
 Metaspace       used 14600K, capacity 15336K, committed 15616K, reserved 1062912K
  class space    used 2130K, capacity 2259K, committed 2304K, reserved 1048576K
}
Event: 18.110 GC heap before
{Heap before GC invocations=103 (full 36):
 PSYoungGen      total 251392K, used 230368K [0x00000000eab00000, 0x00000000fbe00000, 0x0000000100000000)
  eden space 225280K, 100% used [0x00000000eab00000,0x00000000f8700000,0x00000000f8700000)
  from space 26112K, 19% used [0x00000000fa480000,0x00000000fa978000,0x00000000fbe00000)
  to   space 28160K, 0% used [0x00000000f8700000,0x00000000f8700000,0x00000000fa280000)
 ParOldGen       total 598016K, used 398362K [0x00000000c0000000, 0x00000000e4800000, 0x00000000eab00000)
  object space 598016K, 66% used [0x00000000c0000000,0x00000000d8506928,0x00000000e4800000)
 Metaspace       used 14600K, capacity 15336K, committed 15616K, reserved 1062912K
  class space    used 2130K, capacity 2259K, committed 2304K, reserved 1048576K
Event: 18.112 GC heap after
Heap after GC invocations=103 (full 36):
 PSYoungGen      total 253440K, used 5152K [0x00000000eab00000, 0x00000000fbd80000, 0x0000000100000000)
  eden space 225280K, 0% used [0x00000000eab00000,0x00000000eab00000,0x00000000f8700000)
  from space 28160K, 18% used [0x00000000f8700000,0x00000000f8c08000,0x00000000fa280000)
  to   space 26624K, 0% used [0x00000000fa380000,0x00000000fa380000,0x00000000fbd80000)
 ParOldGen       total 598016K, used 398714K [0x00000000c0000000, 0x00000000e4800000, 0x00000000eab00000)
  object space 598016K, 66% used [0x00000000c0000000,0x00000000d855e928,0x00000000e4800000)
 Metaspace       used 14600K, capacity 15336K, committed 15616K, reserved 1062912K
  class space    used 2130K, capacity 2259K, committed 2304K, reserved 1048576K
}

Deoptimization events (10 events):
Event: 15.487 Thread 0x000002808779a000 Uncommon trap: reason=class_check action=maybe_recompile pc=0x0000028089b12db0 method=org.snu.ids.ha.ma.MCandidate.calcLnprOfTagging()V @ 29
Event: 15.493 Thread 0x000002808779a000 Uncommon trap: reason=unstable_if action=reinterpret pc=0x000002808948c148 method=sun.misc.FDBigInteger.valueOfMulPow52(JII)Lsun/misc/FDBigInteger; @ 138
Event: 16.385 Thread 0x000002808779a000 Uncommon trap: reason=unstable_if action=reinterpret pc=0x0000028089dfb6d4 method=org.snu.ids.ha.ma.Morpheme.isComposed()Z @ 6
Event: 17.065 Thread 0x000002808779a000 Uncommon trap: reason=unstable_if action=reinterpret pc=0x000002808990ef7c method=sun.misc.FloatingDecimal$BinaryToASCIIBuffer.dtoa(IJIZ)V @ 272
Event: 17.442 Thread 0x000002808779a000 Uncommon trap: reason=unstable_if action=reinterpret pc=0x0000028089e1c160 method=org.snu.ids.ha.ma.MCandidate.isApndbl(Lorg/snu/ids/ha/ma/MCandidate;)Z @ 7
Event: 17.442 Thread 0x000002808779a000 Uncommon trap: reason=unstable_if action=reinterpret pc=0x00000280898adca0 method=org.snu.ids.ha.ma.MCandidate.isApndbl(Lorg/snu/ids/ha/ma/MCandidate;)Z @ 7
Event: 18.145 Thread 0x000002808779a000 Uncommon trap: reason=unstable_if action=reinterpret pc=0x0000028089debc94 method=java.util.AbstractCollection.toArray()[Ljava/lang/Object; @ 18
Event: 18.173 Thread 0x000002808779a000 Uncommon trap: reason=unstable_if action=reinterpret pc=0x00000280892f611c method=java.util.Arrays.sort([Ljava/lang/Object;IILjava/util/Comparator;)V @ 1
Event: 18.208 Thread 0x000002808779a000 Uncommon trap: reason=unstable_if action=reinterpret pc=0x0000028089e557bc method=java.util.Arrays.sort([Ljava/lang/Object;IILjava/util/Comparator;)V @ 1
Event: 18.208 Thread 0x000002808779a000 Uncommon trap: reason=predicate action=maybe_recompile pc=0x0000028089992254 method=java.util.TimSort.binarySort([Ljava/lang/Object;IIILjava/util/Comparator;)V @ 76

Classes redefined (0 events):
No events

Internal exceptions (10 events):
Event: 4.111 Thread 0x000002808779a000 Exception <a 'java/lang/NoSuchMethodError': java.lang.Object.$anonfun$addString$1(Lscala/collection/mutable/StringBuilder;Ljava/lang/String;Lscala/runtime/BooleanRef;Ljava/lang/Object;)Ljava/lang/Object;> (0x00000000ee8ed5e8) thrown at [C:\jenkins\workspa
Event: 5.615 Thread 0x000002808779a000 Exception <a 'java/lang/NoSuchMethodError': java.lang.Object.$anonfun$filterImpl$1(Lscala/Function1;ZLscala/collection/mutable/Builder;Ljava/lang/Object;)Ljava/lang/Object;> (0x00000000eb9b9bd0) thrown at [C:\jenkins\workspace\8-2-build-windows-amd64-cygw
Event: 5.617 Thread 0x000002808779a000 Exception <a 'java/lang/NoSuchMethodError': java.lang.Object.$anonfun$init$1$adapted(Lscala/runtime/ObjectRef;Lscala/runtime/BooleanRef;Lscala/collection/mutable/Builder;Ljava/lang/Object;)Ljava/lang/Object;> (0x00000000eb9eda98) thrown at [C:\jenkins\wor
Event: 7.854 Thread 0x000002808779a000 Implicit null exception at 0x00000280892216ab to 0x000002808922193d
Event: 8.114 Thread 0x000002808779a000 Implicit null exception at 0x00000280892a9716 to 0x00000280892a9ab9
Event: 9.394 Thread 0x000002808779a000 Implicit null exception at 0x000002808958fc42 to 0x0000028089590d79
Event: 9.394 Thread 0x000002808779a000 Implicit null exception at 0x00000280892dc696 to 0x00000280892dca3d
Event: 10.235 Thread 0x000002808779a000 Implicit null exception at 0x00000280894b69ec to 0x00000280894b6bc1
Event: 15.282 Thread 0x000002808779a000 Implicit null exception at 0x00000280897e5652 to 0x00000280897e59c5
Event: 15.446 Thread 0x000002808779a000 Implicit null exception at 0x0000028089cad904 to 0x0000028089cb12bd

Events (10 events):
Event: 18.173 Thread 0x000002808779a000 DEOPT PACKING pc=0x00000280892f611c sp=0x000000832a7e8de0
Event: 18.173 Thread 0x000002808779a000 DEOPT UNPACKING pc=0x0000028089145843 sp=0x000000832a7e8d20 mode 2
Event: 18.208 loading class org/snu/ids/ha/index/KeywordExtractor$1
Event: 18.208 loading class org/snu/ids/ha/index/KeywordExtractor$1 done
Event: 18.208 Thread 0x000002808779a000 Uncommon trap: trap_request=0xffffff65 fr.pc=0x0000028089e557bc
Event: 18.208 Thread 0x000002808779a000 DEOPT PACKING pc=0x0000028089e557bc sp=0x000000832a7e8c70
Event: 18.208 Thread 0x000002808779a000 DEOPT UNPACKING pc=0x0000028089145843 sp=0x000000832a7e8c28 mode 2
Event: 18.208 Thread 0x000002808779a000 Uncommon trap: trap_request=0xffffff86 fr.pc=0x0000028089992254
Event: 18.208 Thread 0x000002808779a000 DEOPT PACKING pc=0x0000028089992254 sp=0x000000832a7e8ae0
Event: 18.208 Thread 0x000002808779a000 DEOPT UNPACKING pc=0x0000028089145843 sp=0x000000832a7e8a98 mode 2


Dynamic libraries:
0x000000001c400000 - 0x000000001c41b000 	C:\Users\SMHRD\Anaconda3\envs\Deep_GPU2021\python.exe
0x00007ff860590000 - 0x00007ff860785000 	C:\WINDOWS\SYSTEM32\ntdll.dll
0x00007ff85e740000 - 0x00007ff85e7fd000 	C:\WINDOWS\System32\KERNEL32.DLL
0x00007ff85df20000 - 0x00007ff85e1e9000 	C:\WINDOWS\System32\KERNELBASE.dll
0x00007ff85e500000 - 0x00007ff85e600000 	C:\WINDOWS\System32\ucrtbase.dll
0x000000006ec90000 - 0x000000006f033000 	C:\Users\SMHRD\Anaconda3\envs\Deep_GPU2021\python36.dll
0x00007ff838190000 - 0x00007ff8381a9000 	C:\Users\SMHRD\Anaconda3\envs\Deep_GPU2021\VCRUNTIME140.dll
0x00007ff85e600000 - 0x00007ff85e655000 	C:\WINDOWS\System32\SHLWAPI.dll
0x00007ff85ee60000 - 0x00007ff85eefe000 	C:\WINDOWS\System32\msvcrt.dll
0x00007ff860280000 - 0x00007ff8602eb000 	C:\WINDOWS\System32\WS2_32.dll
0x00007ff85e8b0000 - 0x00007ff85e9da000 	C:\WINDOWS\System32\RPCRT4.dll
0x00007ff8586f0000 - 0x00007ff8586fa000 	C:\WINDOWS\SYSTEM32\VERSION.dll
0x00007ff85e660000 - 0x00007ff85e70c000 	C:\WINDOWS\System32\ADVAPI32.dll
0x00007ff85ef90000 - 0x00007ff85f02b000 	C:\WINDOWS\System32\sechost.dll
0x00007ff85d680000 - 0x00007ff85d698000 	C:\WINDOWS\SYSTEM32\CRYPTSP.dll
0x00007ff85cd70000 - 0x00007ff85cda4000 	C:\WINDOWS\system32\rsaenh.dll
0x00007ff85dcd0000 - 0x00007ff85dcf7000 	C:\WINDOWS\System32\bcrypt.dll
0x00007ff85d6a0000 - 0x00007ff85d6ac000 	C:\WINDOWS\SYSTEM32\CRYPTBASE.dll
0x00007ff85e470000 - 0x00007ff85e4f3000 	C:\WINDOWS\System32\bcryptPrimitives.dll
0x00007ff857ed0000 - 0x00007ff857edf000 	C:\Users\SMHRD\Anaconda3\envs\Deep_GPU2021\python3.DLL
0x000000006ec70000 - 0x000000006ec88000 	C:\Users\SMHRD\Anaconda3\envs\Deep_GPU2021\DLLs\_bz2.pyd
0x00007ff837c00000 - 0x00007ff837c41000 	C:\Users\SMHRD\Anaconda3\envs\Deep_GPU2021\DLLs\_lzma.pyd
0x00007ff835030000 - 0x00007ff8351d2000 	C:\Users\SMHRD\Anaconda3\envs\Deep_GPU2021\DLLs\_hashlib.pyd
0x00007ff85ecc0000 - 0x00007ff85ee60000 	C:\WINDOWS\System32\USER32.dll
0x00007ff85e3a0000 - 0x00007ff85e3c2000 	C:\WINDOWS\System32\win32u.dll
0x00007ff8603f0000 - 0x00007ff86041a000 	C:\WINDOWS\System32\GDI32.dll
0x00007ff85de10000 - 0x00007ff85df1b000 	C:\WINDOWS\System32\gdi32full.dll
0x00007ff85e3d0000 - 0x00007ff85e46d000 	C:\WINDOWS\System32\msvcp_win.dll
0x00007ff85e710000 - 0x00007ff85e740000 	C:\WINDOWS\System32\IMM32.DLL
0x000000006ec10000 - 0x000000006ec33000 	C:\Users\SMHRD\Anaconda3\envs\Deep_GPU2021\DLLs\_ctypes.pyd
0x00007ff85eb00000 - 0x00007ff85ec2a000 	C:\WINDOWS\System32\ole32.dll
0x00007ff85f250000 - 0x00007ff85f5a5000 	C:\WINDOWS\System32\combase.dll
0x00007ff860420000 - 0x00007ff8604ed000 	C:\WINDOWS\System32\OLEAUT32.dll
0x00007ff85f6d0000 - 0x00007ff85fe0f000 	C:\WINDOWS\System32\shell32.DLL
0x000000006eaf0000 - 0x000000006eb07000 	C:\Users\SMHRD\Anaconda3\envs\Deep_GPU2021\DLLs\_sqlite3.pyd
0x00007ff805780000 - 0x00007ff8058de000 	C:\Users\SMHRD\Anaconda3\envs\Deep_GPU2021\Library\bin\sqlite3.dll
0x000000006ec40000 - 0x000000006ec49000 	C:\Users\SMHRD\Anaconda3\envs\Deep_GPU2021\DLLs\select.pyd
0x000000006ec00000 - 0x000000006ec0d000 	C:\Users\SMHRD\Anaconda3\envs\Deep_GPU2021\DLLs\_overlapped.pyd
0x000000006ec50000 - 0x000000006ec64000 	C:\Users\SMHRD\Anaconda3\envs\Deep_GPU2021\DLLs\_socket.pyd
0x00007ff85d4a0000 - 0x00007ff85d50a000 	C:\WINDOWS\system32\mswsock.dll
0x000000006ebf0000 - 0x000000006ebfa000 	C:\Users\SMHRD\Anaconda3\envs\Deep_GPU2021\DLLs\_multiprocessing.pyd
0x00007ff837bf0000 - 0x00007ff837c00000 	C:\Users\SMHRD\Anaconda3\envs\Deep_GPU2021\DLLs\_asyncio.pyd
0x00007ff8058e0000 - 0x00007ff805af1000 	C:\Users\SMHRD\Anaconda3\envs\Deep_GPU2021\DLLs\_ssl.pyd
0x00007ff85e1f0000 - 0x00007ff85e34f000 	C:\WINDOWS\System32\CRYPT32.dll
0x00007ff837bd0000 - 0x00007ff837bdf000 	C:\Users\SMHRD\Anaconda3\envs\Deep_GPU2021\lib\site-packages\immutables\_map.cp36-win_amd64.pyd
0x000000006eb10000 - 0x000000006ebee000 	C:\Users\SMHRD\Anaconda3\envs\Deep_GPU2021\DLLs\unicodedata.pyd
0x00007ff837bb0000 - 0x00007ff837bc5000 	C:\Users\SMHRD\Anaconda3\envs\Deep_GPU2021\lib\site-packages\zmq\backend\cython\constants.cp36-win_amd64.pyd
0x00007ff837ba0000 - 0x00007ff837bac000 	C:\Users\SMHRD\Anaconda3\envs\Deep_GPU2021\lib\site-packages\zmq\backend\cython\error.cp36-win_amd64.pyd
0x00007ff8374b0000 - 0x00007ff837527000 	C:\Users\SMHRD\Anaconda3\envs\Deep_GPU2021\Library\bin\libzmq-mt-4_3_3.dll
0x00007ff85d120000 - 0x00007ff85d15b000 	C:\WINDOWS\SYSTEM32\IPHLPAPI.DLL
0x00007ff849010000 - 0x00007ff84909d000 	C:\WINDOWS\SYSTEM32\MSVCP140.dll
0x00007ff848c50000 - 0x00007ff848c5c000 	C:\WINDOWS\SYSTEM32\VCRUNTIME140_1.dll
0x00007ff837460000 - 0x00007ff8374af000 	C:\Users\SMHRD\Anaconda3\envs\Deep_GPU2021\Library\bin\libsodium.dll
0x00007ff837820000 - 0x00007ff837839000 	C:\Users\SMHRD\Anaconda3\envs\Deep_GPU2021\lib\site-packages\zmq\backend\cython\message.cp36-win_amd64.pyd
0x00007ff8354f0000 - 0x00007ff835504000 	C:\Users\SMHRD\Anaconda3\envs\Deep_GPU2021\lib\site-packages\zmq\backend\cython\context.cp36-win_amd64.pyd
0x00007ff8354c0000 - 0x00007ff8354e3000 	C:\Users\SMHRD\Anaconda3\envs\Deep_GPU2021\lib\site-packages\zmq\backend\cython\socket.cp36-win_amd64.pyd
0x00007ff837b90000 - 0x00007ff837b9e000 	C:\Users\SMHRD\Anaconda3\envs\Deep_GPU2021\lib\site-packages\zmq\backend\cython\utils.cp36-win_amd64.pyd
0x00007ff8324f0000 - 0x00007ff832503000 	C:\Users\SMHRD\Anaconda3\envs\Deep_GPU2021\lib\site-packages\zmq\backend\cython\_poll.cp36-win_amd64.pyd
0x00007ff837810000 - 0x00007ff83781c000 	C:\Users\SMHRD\Anaconda3\envs\Deep_GPU2021\lib\site-packages\zmq\backend\cython\_version.cp36-win_amd64.pyd
0x00007ff8324d0000 - 0x00007ff8324e1000 	C:\Users\SMHRD\Anaconda3\envs\Deep_GPU2021\lib\site-packages\zmq\backend\cython\_device.cp36-win_amd64.pyd
0x00007ff8354b0000 - 0x00007ff8354c0000 	C:\Users\SMHRD\Anaconda3\envs\Deep_GPU2021\lib\site-packages\zmq\backend\cython\_proxy_steerable.cp36-win_amd64.pyd
0x00007ff83d940000 - 0x00007ff83d947000 	C:\Users\SMHRD\Anaconda3\envs\Deep_GPU2021\lib\site-packages\tornado\speedups.cp36-win_amd64.pyd
0x000000006d310000 - 0x000000006d354000 	C:\Users\SMHRD\Anaconda3\envs\Deep_GPU2021\DLLs\_decimal.pyd
0x00007ff85bb40000 - 0x00007ff85bb52000 	C:\WINDOWS\SYSTEM32\kernel.appcore.dll
0x00007ff856140000 - 0x00007ff856147000 	C:\WINDOWS\system32\wshunix.dll
0x00007ff85f660000 - 0x00007ff85f668000 	C:\WINDOWS\System32\NSI.dll
0x00007ff857ac0000 - 0x00007ff857ad7000 	C:\WINDOWS\SYSTEM32\dhcpcsvc6.DLL
0x00007ff857980000 - 0x00007ff85799d000 	C:\WINDOWS\SYSTEM32\dhcpcsvc.DLL
0x00007ff85d180000 - 0x00007ff85d24c000 	C:\WINDOWS\SYSTEM32\DNSAPI.dll
0x000000006bfe0000 - 0x000000006c004000 	C:\Users\SMHRD\Anaconda3\envs\Deep_GPU2021\lib\site-packages\win32\win32api.pyd
0x000000006bfb0000 - 0x000000006bfd6000 	C:\Users\SMHRD\Anaconda3\envs\Deep_GPU2021\lib\site-packages\win32\pywintypes36.dll
0x00007ff8490a0000 - 0x00007ff8490ac000 	C:\WINDOWS\SYSTEM32\secur32.dll
0x00007ff85dbc0000 - 0x00007ff85dbf1000 	C:\WINDOWS\SYSTEM32\SSPICLI.DLL
0x000000006bed0000 - 0x000000006bef6000 	C:\Users\SMHRD\Anaconda3\envs\Deep_GPU2021\lib\site-packages\win32\win32security.pyd
0x00007ff848c60000 - 0x00007ff848c78000 	C:\WINDOWS\SYSTEM32\NETAPI32.dll
0x00007ff85d250000 - 0x00007ff85d25c000 	C:\WINDOWS\SYSTEM32\NETUTILS.DLL
0x0000028086880000 - 0x0000028086883000 	C:\WINDOWS\SYSTEM32\security.dll
0x00007ff832420000 - 0x00007ff83244a000 	C:\WINDOWS\SYSTEM32\ntdsapi.dll
0x00007ff85d260000 - 0x00007ff85d2a2000 	C:\WINDOWS\SYSTEM32\LOGONCLI.DLL
0x00007ff859500000 - 0x00007ff859507000 	C:\Users\SMHRD\Anaconda3\envs\Deep_GPU2021\lib\site-packages\mkl\_mklinit.cp36-win_amd64.pyd
0x00007ffff4b70000 - 0x00007ffff5bcd000 	C:\Users\SMHRD\Anaconda3\envs\Deep_GPU2021\Library\bin\mkl_rt.dll
0x00007ff8594e0000 - 0x00007ff8594fe000 	C:\Users\SMHRD\Anaconda3\envs\Deep_GPU2021\lib\site-packages\mkl\_py_mkl_service.cp36-win_amd64.pyd
0x00007ff803ac0000 - 0x00007ff803d89000 	C:\Users\SMHRD\Anaconda3\envs\Deep_GPU2021\lib\site-packages\numpy\core\_multiarray_umath.cp36-win_amd64.pyd
0x00007ff8457c0000 - 0x00007ff8457df000 	C:\Users\SMHRD\Anaconda3\envs\Deep_GPU2021\lib\site-packages\numpy\core\_multiarray_tests.cp36-win_amd64.pyd
0x00007ff858960000 - 0x00007ff858969000 	C:\Users\SMHRD\Anaconda3\envs\Deep_GPU2021\lib\site-packages\numpy\linalg\lapack_lite.cp36-win_amd64.pyd
0x00007ff830f70000 - 0x00007ff830f9a000 	C:\Users\SMHRD\Anaconda3\envs\Deep_GPU2021\lib\site-packages\numpy\linalg\_umath_linalg.cp36-win_amd64.pyd
0x00007ff830f50000 - 0x00007ff830f70000 	C:\Users\SMHRD\Anaconda3\envs\Deep_GPU2021\lib\site-packages\numpy\fft\_pocketfft_internal.cp36-win_amd64.pyd
0x00007ff823f60000 - 0x00007ff823fef000 	C:\Users\SMHRD\Anaconda3\envs\Deep_GPU2021\lib\site-packages\numpy\random\mtrand.cp36-win_amd64.pyd
0x00007ff823f30000 - 0x00007ff823f5a000 	C:\Users\SMHRD\Anaconda3\envs\Deep_GPU2021\lib\site-packages\numpy\random\bit_generator.cp36-win_amd64.pyd
0x00007ff823ef0000 - 0x00007ff823f21000 	C:\Users\SMHRD\Anaconda3\envs\Deep_GPU2021\lib\site-packages\numpy\random\_common.cp36-win_amd64.pyd
0x00007ff823cf0000 - 0x00007ff823d30000 	C:\Users\SMHRD\Anaconda3\envs\Deep_GPU2021\lib\site-packages\numpy\random\_bounded_integers.cp36-win_amd64.pyd
0x00007ff827030000 - 0x00007ff827048000 	C:\Users\SMHRD\Anaconda3\envs\Deep_GPU2021\lib\site-packages\numpy\random\_mt19937.cp36-win_amd64.pyd
0x00007ff823be0000 - 0x00007ff823bf7000 	C:\Users\SMHRD\Anaconda3\envs\Deep_GPU2021\lib\site-packages\numpy\random\_philox.cp36-win_amd64.pyd
0x00007ff821e10000 - 0x00007ff821e25000 	C:\Users\SMHRD\Anaconda3\envs\Deep_GPU2021\lib\site-packages\numpy\random\_pcg64.cp36-win_amd64.pyd
0x00007ff821df0000 - 0x00007ff821e02000 	C:\Users\SMHRD\Anaconda3\envs\Deep_GPU2021\lib\site-packages\numpy\random\_sfc64.cp36-win_amd64.pyd
0x00007ff803a10000 - 0x00007ff803ab4000 	C:\Users\SMHRD\Anaconda3\envs\Deep_GPU2021\lib\site-packages\numpy\random\_generator.cp36-win_amd64.pyd
0x00007fffee690000 - 0x00007ffff145d000 	C:\Users\SMHRD\Anaconda3\envs\Deep_GPU2021\Library\bin\mkl_intel_thread.dll
0x00007fffe9ef0000 - 0x00007fffee68a000 	C:\Users\SMHRD\Anaconda3\envs\Deep_GPU2021\Library\bin\mkl_core.dll
0x00007fffe7700000 - 0x00007fffe9ee2000 	C:\Users\SMHRD\Anaconda3\envs\Deep_GPU2021\Library\bin\mkl_avx2.dll
0x00007fffe6890000 - 0x00007fffe76fd000 	C:\Users\SMHRD\Anaconda3\envs\Deep_GPU2021\Library\bin\mkl_vml_avx2.dll
0x00007fff9d110000 - 0x00007fff9d21d000 	C:\Users\SMHRD\Anaconda3\envs\Deep_GPU2021\lib\site-packages\pandas\_libs\interval.cp36-win_amd64.pyd
0x00007fff9d080000 - 0x00007fff9d101000 	C:\Users\SMHRD\Anaconda3\envs\Deep_GPU2021\lib\site-packages\pandas\_libs\hashtable.cp36-win_amd64.pyd
0x00007fff9d050000 - 0x00007fff9d07b000 	C:\Users\SMHRD\Anaconda3\envs\Deep_GPU2021\lib\site-packages\pandas\_libs\missing.cp36-win_amd64.pyd
0x00007fff9d030000 - 0x00007fff9d04d000 	C:\Users\SMHRD\Anaconda3\envs\Deep_GPU2021\lib\site-packages\pandas\_libs\tslibs\dtypes.cp36-win_amd64.pyd
0x00007fff9cff0000 - 0x00007fff9d02c000 	C:\Users\SMHRD\Anaconda3\envs\Deep_GPU2021\lib\site-packages\pandas\_libs\tslibs\conversion.cp36-win_amd64.pyd
0x00007fff9cfe0000 - 0x00007fff9cfef000 	C:\Users\SMHRD\Anaconda3\envs\Deep_GPU2021\lib\site-packages\pandas\_libs\tslibs\base.cp36-win_amd64.pyd
0x00007fff9cfb0000 - 0x00007fff9cfdf000 	C:\Users\SMHRD\Anaconda3\envs\Deep_GPU2021\lib\site-packages\pandas\_libs\tslibs\nattype.cp36-win_amd64.pyd
0x00007fff9cfa0000 - 0x00007fff9cfaf000 	C:\Users\SMHRD\Anaconda3\envs\Deep_GPU2021\lib\site-packages\pandas\_libs\tslibs\np_datetime.cp36-win_amd64.pyd
0x00007fff9cf60000 - 0x00007fff9cf94000 	C:\Users\SMHRD\Anaconda3\envs\Deep_GPU2021\lib\site-packages\pandas\_libs\tslibs\timezones.cp36-win_amd64.pyd
0x00007ff800fe0000 - 0x00007ff80101b000 	C:\Users\SMHRD\Anaconda3\envs\Deep_GPU2021\lib\site-packages\pandas\_libs\tslibs\tzconversion.cp36-win_amd64.pyd
0x00007ff800fc0000 - 0x00007ff800fd2000 	C:\Users\SMHRD\Anaconda3\envs\Deep_GPU2021\lib\site-packages\pandas\_libs\tslibs\ccalendar.cp36-win_amd64.pyd
0x00007fff9cf00000 - 0x00007fff9cf51000 	C:\Users\SMHRD\Anaconda3\envs\Deep_GPU2021\lib\site-packages\pandas\_libs\tslibs\parsing.cp36-win_amd64.pyd
0x00007fff9ce30000 - 0x00007fff9cef5000 	C:\Users\SMHRD\Anaconda3\envs\Deep_GPU2021\lib\site-packages\pandas\_libs\tslibs\offsets.cp36-win_amd64.pyd
0x00007fff9cdd0000 - 0x00007fff9ce2d000 	C:\Users\SMHRD\Anaconda3\envs\Deep_GPU2021\lib\site-packages\pandas\_libs\tslibs\timedeltas.cp36-win_amd64.pyd
0x00007fff9cd70000 - 0x00007fff9cdcf000 	C:\Users\SMHRD\Anaconda3\envs\Deep_GPU2021\lib\site-packages\pandas\_libs\tslibs\timestamps.cp36-win_amd64.pyd
0x00007ff800f80000 - 0x00007ff800fbc000 	C:\Users\SMHRD\Anaconda3\envs\Deep_GPU2021\lib\site-packages\pandas\_libs\tslibs\fields.cp36-win_amd64.pyd
0x00007fff9cd20000 - 0x00007fff9cd6d000 	C:\Users\SMHRD\Anaconda3\envs\Deep_GPU2021\lib\site-packages\pandas\_libs\tslibs\strptime.cp36-win_amd64.pyd
0x00007fff9cd00000 - 0x00007fff9cd13000 	C:\Users\SMHRD\Anaconda3\envs\Deep_GPU2021\lib\site-packages\pandas\_libs\properties.cp36-win_amd64.pyd
0x00007fff9cca0000 - 0x00007fff9ccf9000 	C:\Users\SMHRD\Anaconda3\envs\Deep_GPU2021\lib\site-packages\pandas\_libs\tslibs\period.cp36-win_amd64.pyd
0x00007fff9cc60000 - 0x00007fff9cc94000 	C:\Users\SMHRD\Anaconda3\envs\Deep_GPU2021\lib\site-packages\pandas\_libs\tslibs\vectorized.cp36-win_amd64.pyd
0x00007fff9cc40000 - 0x00007fff9cc52000 	C:\Users\SMHRD\Anaconda3\envs\Deep_GPU2021\lib\site-packages\pandas\_libs\ops_dispatch.cp36-win_amd64.pyd
0x00007fff9cb10000 - 0x00007fff9cc3e000 	C:\Users\SMHRD\Anaconda3\envs\Deep_GPU2021\lib\site-packages\pandas\_libs\algos.cp36-win_amd64.pyd
0x00007fff9caa0000 - 0x00007fff9cb0f000 	C:\Users\SMHRD\Anaconda3\envs\Deep_GPU2021\lib\site-packages\pandas\_libs\lib.cp36-win_amd64.pyd
0x00007fff9ca70000 - 0x00007fff9ca96000 	C:\Users\SMHRD\Anaconda3\envs\Deep_GPU2021\lib\site-packages\pandas\_libs\tslib.cp36-win_amd64.pyd
0x00007fff9ca40000 - 0x00007fff9ca6b000 	C:\Users\SMHRD\Anaconda3\envs\Deep_GPU2021\lib\site-packages\pandas\_libs\hashing.cp36-win_amd64.pyd
0x00007fff9ca00000 - 0x00007fff9ca32000 	C:\Users\SMHRD\Anaconda3\envs\Deep_GPU2021\lib\site-packages\pandas\_libs\ops.cp36-win_amd64.pyd
0x00007fff9c980000 - 0x00007fff9c9f3000 	C:\Users\SMHRD\Anaconda3\envs\Deep_GPU2021\lib\site-packages\pandas\_libs\index.cp36-win_amd64.pyd
0x00007fff9c7a0000 - 0x00007fff9c972000 	C:\Users\SMHRD\Anaconda3\envs\Deep_GPU2021\lib\site-packages\pandas\_libs\join.cp36-win_amd64.pyd

VM Arguments:
jvm_args: -Dfile.encoding=UTF8 -ea -Xmx1024m 
java_command: <unknown>
java_class_path (initial): C:\Users\SMHRD\Anaconda3\envs\Deep_GPU2021\lib\site-packages\konlpy\java;C:\Users\SMHRD\Anaconda3\envs\Deep_GPU2021\lib\site-packages\konlpy\java\bin;C:\Users\SMHRD\Anaconda3\envs\Deep_GPU2021\lib\site-packages\konlpy\java\*;C:\Users\SMHRD\Anaconda3\envs\Deep_GPU2021\lib\site-packages\konlpy\java\jhannanum-0.8.4.jar;C:\Users\SMHRD\Anaconda3\envs\Deep_GPU2021\lib\site-packages\konlpy\java\kkma-2.0.jar;C:\Users\SMHRD\Anaconda3\envs\Deep_GPU2021\lib\site-packages\konlpy\java\aho-corasick.jar;C:\Users\SMHRD\Anaconda3\envs\Deep_GPU2021\lib\site-packages\konlpy\java\shineware-common-1.0.jar;C:\Users\SMHRD\Anaconda3\envs\Deep_GPU2021\lib\site-packages\konlpy\java\shineware-ds-1.0.jar;C:\Users\SMHRD\Anaconda3\envs\Deep_GPU2021\lib\site-packages\konlpy\java\komoran-3.0.jar;C:\Users\SMHRD\Anaconda3\envs\Deep_GPU2021\lib\site-packages\konlpy\java\snakeyaml-1.12.jar;C:\Users\SMHRD\Anaconda3\envs\Deep_GPU2021\lib\site-packages\konlpy\java\scala-library-2.12.3.jar;C:\Users\SMHRD\Anaconda3\envs\Deep_GPU2021\lib\site-packages\konlpy\java\open-korean-text-2.1.0.jar;C:\Users\SMHRD\Anaconda3\envs\Deep_GPU2021\lib\site-packages\konlpy\java\twitter-text-1.14.7.jar;C:\Users\SMHRD\Anaconda3\envs\Deep_GPU2021\lib\site-packages\konlpy\java\*
Launcher Type: generic

Environment Variables:
JAVA_HOME=C:\Program Files\Java\jdk1.8.0_281
PATH=C:\Users\SMHRD\Anaconda3\envs\Deep_GPU2021;C:\Users\SMHRD\Anaconda3\envs\Deep_GPU2021\Library\mingw-w64\bin;C:\Users\SMHRD\Anaconda3\envs\Deep_GPU2021\Library\usr\bin;C:\Users\SMHRD\Anaconda3\envs\Deep_GPU2021\Library\bin;C:\Users\SMHRD\Anaconda3\envs\Deep_GPU2021\Scripts;C:\Program Files\NVIDIA GPU Computing Toolkit\CUDA\v10.2\bin;C:\Program Files\NVIDIA GPU Computing Toolkit\CUDA\v10.2\libnvvp;C:\oraclexe\app\oracle\product\11.2.0\server\bin;C:\Program Files (x86)\Common Files\Oracle\Java\javapath;C:\WINDOWS\system32;C:\WINDOWS;C:\WINDOWS\System32\Wbem;C:\WINDOWS\System32\WindowsPowerShell\v1.0\;C:\WINDOWS\System32\OpenSSH\;C:\Program Files\VisualSVN Server\bin;C:\Program Files (x86)\NVIDIA Corporation\PhysX\Common;C:\Program Files\NVIDIA Corporation\NVIDIA NvDLISR;C:\Program Files\NVIDIA Corporation\Nsight Compute 2019.5.0\;C:\Program Files\MongoDB\Server\5.0\bin;C:\Users\SMHRD\AppData\Local\Microsoft\WindowsApps;C:\Program Files\Bandizip\;C:\Users\SMHRD\AppData\Local\Programs\Microsoft VS Code\bin;C:\Users\SMHRD\AppData\Local\GitHubDesktop\bin;C:\Program Files\Java\jdk1.8.0_281\bin;
USERNAME=SMHRD
OS=Windows_NT
PROCESSOR_IDENTIFIER=Intel64 Family 6 Model 158 Stepping 13, GenuineIntel



---------------  S Y S T E M  ---------------

OS: Windows 10.0 , 64 bit Build 19041 (10.0.19041.1023)

CPU:total 8 (initial active 8) (8 cores per cpu, 1 threads per core) family 6 model 158 stepping 13, cmov, cx8, fxsr, mmx, sse, sse2, sse3, ssse3, sse4.1, sse4.2, popcnt, avx, avx2, aes, clmul, erms, 3dnowpref, lzcnt, tsc, tscinvbit, bmi1, bmi2, adx

Memory: 4k page, physical 16637044k(4484012k free), swap 54477724k(4801108k free)

vm_info: Java HotSpot(TM) 64-Bit Server VM (25.281-b09) for windows-amd64 JRE (1.8.0_281-b09), built on Dec  9 2020 13:54:07 by "" with MS VC++ 15.9 (VS2017)

time: Fri Aug  6 17:07:52 2021
timezone: 대한민국 표준시
elapsed time: 18.265749 seconds (0d 0h 0m 18s)

